2026/06/19 17:31:38 [notice] 1#1: using the "epoll" event method
2026/06/19 17:31:38 [notice] 1#1: nginx/1.31.2
2026/06/19 17:31:38 [notice] 1#1: built by gcc 14.2.0 (Debian 14.2.0-19) 
2026/06/19 17:31:38 [notice] 1#1: OS: Linux 5.15.0-181-generic
2026/06/19 17:31:38 [notice] 1#1: getrlimit(RLIMIT_NOFILE): 1024:524288
2026/06/19 17:31:38 [notice] 1#1: start worker processes
2026/06/19 17:31:38 [notice] 1#1: start worker process 29
2026/06/19 17:31:38 [notice] 1#1: start worker process 30
2026/06/19 17:32:55 [error] 30#30: *1 open() "/usr/share/nginx/html/favicon.ico" failed (2: No such file or directory), client: 192.168.220.1, server: localhost, request: "GET /favicon.ico HTTP/1.1", host: "192.168.220.129:8080", referrer: "http://192.168.220.129:8080/"
2026/06/19 17:55:22 [notice] 1#1: signal 3 (SIGQUIT) received, shutting down
2026/06/19 17:55:22 [notice] 29#29: gracefully shutting down
2026/06/19 17:55:22 [notice] 29#29: exiting
2026/06/19 17:55:22 [notice] 29#29: exit
2026/06/19 17:55:22 [notice] 30#30: gracefully shutting down
2026/06/19 17:55:22 [notice] 30#30: exiting
2026/06/19 17:55:22 [notice] 30#30: exit
2026/06/19 17:55:22 [notice] 1#1: signal 17 (SIGCHLD) received from 29
2026/06/19 17:55:22 [notice] 1#1: worker process 29 exited with code 0
2026/06/19 17:55:22 [notice] 1#1: signal 29 (SIGIO) received
2026/06/19 17:55:22 [notice] 1#1: signal 17 (SIGCHLD) received from 30
2026/06/19 17:55:22 [notice] 1#1: worker process 30 exited with code 0
2026/06/19 17:55:22 [notice] 1#1: exit
2026/06/19 17:58:47 [notice] 1#1: using the "epoll" event method
2026/06/19 17:58:47 [notice] 1#1: nginx/1.31.2
2026/06/19 17:58:47 [notice] 1#1: built by gcc 14.2.0 (Debian 14.2.0-19) 
2026/06/19 17:58:47 [notice] 1#1: OS: Linux 5.15.0-181-generic
2026/06/19 17:58:47 [notice] 1#1: getrlimit(RLIMIT_NOFILE): 1024:524288
2026/06/19 17:58:47 [notice] 1#1: start worker processes
2026/06/19 17:58:47 [notice] 1#1: start worker process 22
2026/06/19 17:58:47 [notice] 1#1: start worker process 23
